Arguments: 
  C:\Program Files\nodejs\node.exe C:\Users\Shaha\AppData\Roaming\npm\node_modules\yarn\bin\yarn.js add ffmpeg-cli

PATH: 
  C:\WINDOWS\system32;C:\WINDOWS;C:\WINDOWS\System32\Wbem;C:\WINDOWS\System32\WindowsPowerShell\v1.0\;C:\WINDOWS\System32\OpenSSH\;C:\Program Files\Git\cmd;C:\Program Files\nodejs\;C:\Users\Shaha\AppData\Local\Microsoft\WindowsApps;C:\Program Files\Microsoft VS Code\bin;C:\Users\Shaha\AppData\Roaming\npm;C:\Program Files\MongoDB\Server\3.6\bin;C:\Program Files\cmder\bin;C:\Users\Shaha\AppData\Local\Programs\Microsoft VS Code\bin;C:\Users\Shaha\AppData\Local\atom\bin;C:\Users\Shaha\AppData\Local\atom\app-1.30.0\resources\app\apm\node_modules\.bin;C:\Program Files\heroku\bin;

Yarn version: 
  1.7.0

Node version: 
  8.11.2

Platform: 
  win32 x64

Trace: 
  Error: https://registry.yarnpkg.com/ffmpeg-cli: Not found
      at Request.params.callback [as _callback] (C:\Users\Shaha\AppData\Roaming\npm\node_modules\yarn\lib\cli.js:65656:18)
      at Request.self.callback (C:\Users\Shaha\AppData\Roaming\npm\node_modules\yarn\lib\cli.js:134675:22)
      at emitTwo (events.js:126:13)
      at Request.emit (events.js:214:7)
      at Request.<anonymous> (C:\Users\Shaha\AppData\Roaming\npm\node_modules\yarn\lib\cli.js:135658:10)
      at emitOne (events.js:116:13)
      at Request.emit (events.js:211:7)
      at IncomingMessage.<anonymous> (C:\Users\Shaha\AppData\Roaming\npm\node_modules\yarn\lib\cli.js:135578:12)
      at Object.onceWrapper (events.js:313:30)
      at emitNone (events.js:111:20)

npm manifest: 
  No manifest

yarn manifest: 
  No manifest

Lockfile: 
  # THIS IS AN AUTOGENERATED FILE. DO NOT EDIT THIS FILE DIRECTLY.
  # yarn lockfile v1
